<?xml version="1.0" encoding="UTF-8"?>
<testsuite xmlns:xsi="http://www.w3.org/2001/XMLSchema-instance" xsi:noNamespaceSchemaLocation="https://maven.apache.org/surefire/maven-surefire-plugin/xsd/surefire-test-report.xsd" name="DAO.UsuarioDAOTest" time="0.352" tests="3" errors="0" skipped="0" failures="0">
  <properties>
[...]
</properties>
  <testcase name="testAgregarUsuario" classname="DAO.UsuarioDAOTest" time="0.282"/>
  <testcase name="testEliminarUsuario" classname="DAO.UsuarioDAOTest" time="0.006"/>
  <testcase name="testObtenerUsuarioPorRut" classname="DAO.UsuarioDAOTest" time="0.019"/>
</testsuite>